<?xml version="1.0" encoding="UTF-8"?>
<testsuite xmlns:xsi="http://www.w3.org/2001/XMLSchema-instance" xsi:noNamespaceSchemaLocation="https://maven.apache.org/surefire/maven-surefire-plugin/xsd/surefire-test-report-3.0.xsd" version="3.0" name="com.ecommerceproject.projetoecommerce.ProjetoecommerceApplicationTests" time="4.778" tests="1" errors="0" skipped="0" failures="0">
  <properties>
[...]
</properties>
  <testcase name="contextLoads" classname="com.ecommerceproject.projetoecommerce.ProjetoecommerceApplicationTests" time="0.459">
    <system-out><![CDATA[14:53:32.715 [main] INFO org.springframework.test.context.support.AnnotationConfigContextLoaderUtils -- Could not detect default configuration classes for test class [com.ecommerceproject.projetoecommerce.ProjetoecommerceApplicationTests]: ProjetoecommerceApplicationTests does not declare any static, non-private, non-final, nested classes annotated with @Configuration.
14:53:32.817 [main] INFO org.springframework.boot.test.context.SpringBootTestContextBootstrapper -- Found @SpringBootConfiguration com.ecommerceproject.projetoecommerce.ProjetoecommerceApplication for test class com.ecommerceproject.projetoecommerce.ProjetoecommerceApplicationTests
14:53:32.979 [main] INFO org.springframework.boot.devtools.restart.RestartApplicationListener -- Restart disabled due to context in which it is running

  .   ____          _            __ _ _
 /\\ / ___'_ __ _ _(_)_ __  __ _ \ \ \ \
( ( )\___ | '_ | '_| | '_ \/ _` | \ \ \ \
 \\/  ___)| |_)| | | | | || (_| |  ) ) ) )
  '  |____| .__|_| |_|_| |_\__, | / / / /
 =========|_|==============|___/=/_/_/_/

 :: Spring Boot ::                (v3.3.3)

2024-08-26T14:53:33.288-03:00  INFO 11568 --- [projetoecommerce] [           main] c.e.p.ProjetoecommerceApplicationTests   : Starting ProjetoecommerceApplicationTests using Java 22.0.2 with PID 11568 (started by VITOR in c:\Users\VITOR\Documents\Java VScode\projetoecommerce\backend)
2024-08-26T14:53:33.291-03:00  INFO 11568 --- [projetoecommerce] [           main] c.e.p.ProjetoecommerceApplicationTests   : No active profile set, falling back to 1 default profile: "default"
2024-08-26T14:53:33.852-03:00  INFO 11568 --- [projetoecommerce] [           main] .s.d.r.c.RepositoryConfigurationDelegate : Bootstrapping Spring Data JPA repositories in DEFAULT mode.
2024-08-26T14:53:33.905-03:00  INFO 11568 --- [projetoecommerce] [           main] .s.d.r.c.RepositoryConfigurationDelegate : Finished Spring Data repository scanning in 45 ms. Found 2 JPA repository interfaces.
2024-08-26T14:53:34.392-03:00  INFO 11568 --- [projetoecommerce] [           main] o.hibernate.jpa.internal.util.LogHelper  : HHH000204: Processing PersistenceUnitInfo [name: default]
2024-08-26T14:53:34.459-03:00  INFO 11568 --- [projetoecommerce] [           main] org.hibernate.Version                    : HHH000412: Hibernate ORM core version 6.5.2.Final
2024-08-26T14:53:34.491-03:00  INFO 11568 --- [projetoecommerce] [           main] o.h.c.internal.RegionFactoryInitiator    : HHH000026: Second-level cache disabled
2024-08-26T14:53:34.841-03:00  INFO 11568 --- [projetoecommerce] [           main] o.s.o.j.p.SpringPersistenceUnitInfo      : No LoadTimeWeaver setup: ignoring JPA class transformer
2024-08-26T14:53:34.870-03:00  INFO 11568 --- [projetoecommerce] [           main] com.zaxxer.hikari.HikariDataSource       : HikariPool-1 - Starting...
2024-08-26T14:53:35.253-03:00  INFO 11568 --- [projetoecommerce] [           main] com.zaxxer.hikari.pool.HikariPool        : HikariPool-1 - Added connection com.mysql.cj.jdbc.ConnectionImpl@1b94c789
2024-08-26T14:53:35.254-03:00  INFO 11568 --- [projetoecommerce] [           main] com.zaxxer.hikari.HikariDataSource       : HikariPool-1 - Start completed.
2024-08-26T14:53:35.305-03:00  WARN 11568 --- [projetoecommerce] [           main] org.hibernate.orm.deprecation            : HHH90000025: MySQL8Dialect does not need to be specified explicitly using 'hibernate.dialect' (remove the property setting and it will be selected by default)
2024-08-26T14:53:35.306-03:00  WARN 11568 --- [projetoecommerce] [           main] org.hibernate.orm.deprecation            : HHH90000026: MySQL8Dialect has been deprecated; use org.hibernate.dialect.MySQLDialect instead
2024-08-26T14:53:36.116-03:00  INFO 11568 --- [projetoecommerce] [           main] o.h.e.t.j.p.i.JtaPlatformInitiator       : HHH000489: No JTA platform available (set 'hibernate.transaction.jta.platform' to enable JTA platform integration)
2024-08-26T14:53:36.165-03:00  INFO 11568 --- [projetoecommerce] [           main] j.LocalContainerEntityManagerFactoryBean : Initialized JPA EntityManagerFactory for persistence unit 'default'
2024-08-26T14:53:36.526-03:00  WARN 11568 --- [projetoecommerce] [           main] JpaBaseConfiguration$JpaWebConfiguration : spring.jpa.open-in-view is enabled by default. Therefore, database queries may be performed during view rendering. Explicitly configure spring.jpa.open-in-view to disable this warning
2024-08-26T14:53:36.861-03:00  INFO 11568 --- [projetoecommerce] [           main] c.e.p.ProjetoecommerceApplicationTests   : Started ProjetoecommerceApplicationTests in 3.897 seconds (process running for 4.819)
]]></system-out>
    <system-err><![CDATA[WARNING: A Java agent has been loaded dynamically (C:\Users\VITOR\.m2\repository\net\bytebuddy\byte-buddy-agent\1.14.19\byte-buddy-agent-1.14.19.jar)
WARNING: If a serviceability tool is in use, please run with -XX:+EnableDynamicAgentLoading to hide this warning
WARNING: If a serviceability tool is not in use, please run with -Djdk.instrument.traceUsage for more information
WARNING: Dynamic loading of agents will be disallowed by default in a future release
]]></system-err>
  </testcase>
</testsuite>